<?xml version="1.0" encoding="UTF-8"?>
<testsuites name="jest tests" tests="2" failures="0" errors="0" time="2.888">
  <testsuite name="Hello World" errors="0" failures="0" skipped="0" timestamp="2020-10-29T13:57:00" time="2.742" tests="2">
    <testcase classname="Hello World expected hello world" name="Hello World expected hello world" time="0.002">
    </testcase>
    <testcase classname="Hello World expected sum" name="Hello World expected sum" time="0.001">
    </testcase>
  </testsuite>
</testsuites>