<?xml version="1.0" encoding="UTF-8"?>
<testsuites name="jest tests" tests="6" failures="0" errors="0" time="4.57">
  <testsuite name="Test the login" errors="0" failures="0" skipped="0" timestamp="2021-04-27T02:14:13" time="4.169" tests="4">
    <testcase classname="Test the login It should get the access token by passing the generic token" name="Test the login It should get the access token by passing the generic token" time="0.033">
    </testcase>
    <testcase classname="Test the login It should get 200 OK" name="Test the login It should get 200 OK" time="0.006">
    </testcase>
    <testcase classname="Test the login It should response OK" name="Test the login It should response OK" time="0.003">
    </testcase>
    <testcase classname="Test the login It should get the 401 unauthorized by passing an invalid token" name="Test the login It should get the 401 unauthorized by passing an invalid token" time="0.004">
    </testcase>
  </testsuite>
  <testsuite name="Hello World" errors="0" failures="0" skipped="0" timestamp="2021-04-27T02:14:17" time="0.206" tests="2">
    <testcase classname="Hello World expected hello world" name="Hello World expected hello world" time="0.001">
    </testcase>
    <testcase classname="Hello World expected sum" name="Hello World expected sum" time="0.001">
    </testcase>
  </testsuite>
</testsuites>